Keyboard Module || Test Results
===========================================================================================================
Date: 2025-12-24
Mode: Debug (test profile)
===========================================================================================================
running 81 tests
test arch::x86_64::keyboard::input::tests::test_device_id ... ok
test arch::x86_64::keyboard::input::tests::test_event_type_checks ... ok
test arch::x86_64::keyboard::input::tests::test_config_validation ... ok
test arch::x86_64::keyboard::input::tests::test_modifiers ... ok
test arch::x86_64::keyboard::input::tests::test_error_display ... ok
test arch::x86_64::keyboard::input::tests::test_legacy_api ... ok
test arch::x86_64::keyboard::input::tests::test_filter ... ok
test arch::x86_64::keyboard::input::tests::test_priority ... ok
test arch::x86_64::keyboard::input::tests::test_push_pop ... ok
test arch::x86_64::keyboard::input::tests::test_queue_len ... ok
test arch::x86_64::keyboard::input::tests::test_scan_code ... ok
test arch::x86_64::keyboard::input::tests::test_peek ... FAILED
test arch::x86_64::keyboard::input::tests::test_drain ... FAILED
test arch::x86_64::keyboard::input::tests::test_shutdown ... ok
test arch::x86_64::keyboard::input::tests::test_stats ... ok
test arch::x86_64::keyboard::keymap::tests::test_arrow_keys ... ok
test arch::x86_64::keyboard::keymap::tests::test_caps_lock_effect ... ok
test arch::x86_64::keyboard::keymap::tests::test_ctrl_combinations ... ok
test arch::x86_64::keyboard::keymap::tests::test_error_handling ... ok
test arch::x86_64::keyboard::keymap::tests::test_extended_scan_codes ... ok
test arch::x86_64::keyboard::keymap::tests::test_full_mapping ... ok
test arch::x86_64::keyboard::keymap::tests::test_function_keys ... ok
test arch::x86_64::keyboard::keymap::tests::test_is_letter ... ok
test arch::x86_64::keyboard::keymap::tests::test_key_mapping_get_ascii ... ok
test arch::x86_64::keyboard::keymap::tests::test_keycode_to_ascii ... ok
test arch::x86_64::keyboard::keymap::tests::test_letter_keys ... ok
test arch::x86_64::keyboard::keymap::tests::test_modifier_state ... ok
test arch::x86_64::keyboard::keymap::tests::test_number_keys ... ok
test arch::x86_64::keyboard::keymap::tests::test_numpad_with_numlock ... ok
test arch::x86_64::keyboard::keymap::tests::test_out_of_bounds ... ok
test arch::x86_64::keyboard::keymap::tests::test_special_keys ... ok
test arch::x86_64::keyboard::layout::tests::test_all_layouts ... ok
test arch::x86_64::keyboard::layout::tests::test_colemak_mapping ... ok
test arch::x86_64::keyboard::layout::tests::test_dead_key_compose ... ok
test arch::x86_64::keyboard::layout::tests::test_dead_key_invalid ... ok
test arch::x86_64::keyboard::layout::tests::test_dead_key_space ... ok
test arch::x86_64::keyboard::layout::tests::test_dead_key_state ... ok
test arch::x86_64::keyboard::layout::tests::test_dvorak_mapping ... ok
test arch::x86_64::keyboard::layout::tests::test_error_messages ... ok
test arch::x86_64::keyboard::layout::tests::test_get_set_layout ... ok
test arch::x86_64::keyboard::layout::tests::test_layout_from_u8 ... ok
test arch::x86_64::keyboard::layout::tests::test_layout_has_altgr ... ok
test arch::x86_64::keyboard::layout::tests::test_layout_has_dead_keys ... ok
test arch::x86_64::keyboard::layout::tests::test_layout_info_lookup ... ok
test arch::x86_64::keyboard::layout::tests::test_layout_language_code ... ok
test arch::x86_64::keyboard::layout::tests::test_layout_name ... ok
test arch::x86_64::keyboard::layout::tests::test_process_with_dead_key ... ok
test arch::x86_64::keyboard::layout::tests::test_us_qwerty_mapping ... ok
test arch::x86_64::keyboard::layout::tests::test_us_qwerty_shift ... ok
test arch::x86_64::keyboard::ps2::tests::test_device_type_classification ... ok
test arch::x86_64::keyboard::ps2::tests::test_device_type_from_id ... ok
test arch::x86_64::keyboard::ps2::tests::test_device_type_names ... ok
test arch::x86_64::keyboard::ps2::tests::test_error_codes ... ok
test arch::x86_64::keyboard::ps2::tests::test_error_messages ... ok
test arch::x86_64::keyboard::ps2::tests::test_led_state ... ok
test arch::x86_64::keyboard::ps2::tests::test_mouse_buttons ... ok
test arch::x86_64::keyboard::ps2::tests::test_mouse_packet_parsing ... ok
test arch::x86_64::keyboard::ps2::tests::test_ps2_keyboard_device ... ok
test arch::x86_64::keyboard::ps2::tests::test_ps2_mouse_device ... ok
test arch::x86_64::keyboard::ps2::tests::test_scan_code_state_machine ... ok
test arch::x86_64::keyboard::ps2::tests::test_stats ... ok
test arch::x86_64::keyboard::ps2::tests::test_typematic_config ... ok
test arch::x86_64::keyboard::ps2::tests::test_typematic_from_hz ... ok
test arch::x86_64::keyboard::usb_hid::tests::test_device_type ... ok
test arch::x86_64::keyboard::usb_hid::tests::test_error_codes ... ok
test arch::x86_64::keyboard::usb_hid::tests::test_error_messages ... ok
test arch::x86_64::keyboard::usb_hid::tests::test_hid_to_scancode ... ok
test arch::x86_64::keyboard::usb_hid::tests::test_led_state ... ok
test arch::x86_64::keyboard::usb_hid::tests::test_modifier_state ... ok
test arch::x86_64::keyboard::usb_hid::tests::test_mouse_buttons ... ok
test arch::x86_64::keyboard::usb_hid::tests::test_parse_keyboard_modifiers ... ok
test arch::x86_64::keyboard::usb_hid::tests::test_parse_keyboard_report_empty ... ok
test arch::x86_64::keyboard::usb_hid::tests::test_parse_keyboard_report_key ... ok
test arch::x86_64::keyboard::usb_hid::tests::test_parse_keyboard_report_multiple ... ok
test arch::x86_64::keyboard::usb_hid::tests::test_parse_keyboard_report_rollover ... ok
test arch::x86_64::keyboard::usb_hid::tests::test_parse_mouse_report ... ok
test arch::x86_64::keyboard::usb_hid::tests::test_parse_mouse_report_scroll ... ok
test arch::x86_64::keyboard::usb_hid::tests::test_parse_mouse_report_short ... ok
test arch::x86_64::keyboard::usb_hid::tests::test_stats ... ok
test arch::x86_64::keyboard::usb_hid::tests::test_usb_hid_keyboard_device ... ok
test arch::x86_64::keyboard::usb_hid::tests::test_usb_hid_mouse_device ... ok
===========================================================================================================
test result: FAILED. 79 passed; 2 failed; 0 ignored; 0 measured; 760 filtered out; finished in 0.00s
===========================================================================================================
